<?xml version="1.0" encoding="UTF-8"?>
<testsuite name="OrderTest" tests="6" skipped="0" failures="0" errors="0" timestamp="2021-03-30T10:24:44" hostname="L-BURYAKOV-MI" time="13.828">
  <properties/>
  <testcase name="shouldCheckboxEmpty()" classname="OrderTest" time="5.774"/>
  <testcase name="shouldSubmitRequest()" classname="OrderTest" time="1.642"/>
  <testcase name="shouldWriteNumberWithoutPlus()" classname="OrderTest" time="1.561"/>
  <testcase name="shouldWriteNumberTwelveSymbols()" classname="OrderTest" time="1.189"/>
  <testcase name="shouldWriteWrongName()" classname="OrderTest" time="1.566"/>
  <testcase name="shouldFieldsEmpty()" classname="OrderTest" time="2.089"/>
  <system-out><![CDATA[]]></system-out>
  <system-err><![CDATA[SLF4J: Failed to load class "org.slf4j.impl.StaticLoggerBinder".
SLF4J: Defaulting to no-operation (NOP) logger implementation
SLF4J: See http://www.slf4j.org/codes.html#StaticLoggerBinder for further details.
Starting ChromeDriver 89.0.4389.23 (61b08ee2c50024bab004e48d2b1b083cdbdac579-refs/branch-heads/4389@{#294}) on port 23747
Only local connections are allowed.
Please see https://chromedriver.chromium.org/security-considerations for suggestions on keeping ChromeDriver safe.
ChromeDriver was started successfully.
мар. 30, 2021 3:24:47 PM org.openqa.selenium.remote.ProtocolHandshake createSession
INFO: Detected dialect: W3C
]]></system-err>
</testsuite>
